# JRE version: OpenJDK Runtime Environment Corretto-17.0.8.8.1 (17.0.8.1+8) (build 17.0.8.1+8-LTS)
# Java VM: OpenJDK 64-Bit Server VM Corretto-17.0.8.8.1 (17.0.8.1+8-LTS, mixed mode, sharing, tiered, compressed oops, compressed class ptrs, g1 gc, windows-amd64)
GC Precious Log:
 CPUs: 16 total, 16 available
 Memory: 32627M
 Large Page Support: Disabled
 NUMA Support: Disabled
 Compressed Oops: Enabled (32-bit)
 Heap Region Size: 1M
 Heap Min Capacity: 8M
 Heap Initial Capacity: 510M
 Heap Max Capacity: 512M
 Pre-touch: Disabled
 Parallel Workers: 13
 Concurrent Workers: 3
 Concurrent Refinement Workers: 13
 Periodic GC: Disabled
Heap:
 garbage-first heap   total 80896K, used 49325K [0x00000000e0000000, 0x0000000100000000)
  region size 1024K, 4 young (4096K), 1 survivors (1024K)
 Metaspace       used 94125K, committed 94784K, reserved 1179648K
  class space    used 13274K, committed 13568K, reserved 1048576K
GC Heap History (20 events):
Event: 9.010 GC heap before
{Heap before GC invocations=30 (full 0):
 garbage-first heap   total 68608K, used 54878K [0x00000000e0000000, 0x0000000100000000)
  region size 1024K, 17 young (17408K), 2 survivors (2048K)
 Metaspace       used 82246K, committed 82816K, reserved 1179648K
  class space    used 11406K, committed 11648K, reserved 1048576K
}
Event: 9.012 GC heap after
{Heap after GC invocations=31 (full 0):
 garbage-first heap   total 68608K, used 41195K [0x00000000e0000000, 0x0000000100000000)
  region size 1024K, 3 young (3072K), 3 survivors (3072K)
 Metaspace       used 82246K, committed 82816K, reserved 1179648K
  class space    used 11406K, committed 11648K, reserved 1048576K
}
Event: 9.406 GC heap before
{Heap before GC invocations=32 (full 0):
 garbage-first heap   total 71680K, used 55531K [0x00000000e0000000, 0x0000000100000000)
  region size 1024K, 17 young (17408K), 3 survivors (3072K)
 Metaspace       used 84139K, committed 84800K, reserved 1179648K
  class space    used 11699K, committed 12032K, reserved 1048576K
}
Event: 9.408 GC heap after
{Heap after GC invocations=33 (full 0):
 garbage-first heap   total 71680K, used 42262K [0x00000000e0000000, 0x0000000100000000)
  region size 1024K, 2 young (2048K), 2 survivors (2048K)
 Metaspace       used 84139K, committed 84800K, reserved 1179648K
  class space    used 11699K, committed 12032K, reserved 1048576K
}
Event: 9.639 GC heap before
{Heap before GC invocations=33 (full 0):
 garbage-first heap   total 71680K, used 58646K [0x00000000e0000000, 0x0000000100000000)
  region size 1024K, 18 young (18432K), 2 survivors (2048K)
 Metaspace       used 86171K, committed 86784K, reserved 1179648K
  class space    used 12038K, committed 12352K, reserved 1048576K
}
Event: 9.640 GC heap after
{Heap after GC invocations=34 (full 0):
 garbage-first heap   total 71680K, used 42859K [0x00000000e0000000, 0x0000000100000000)
  region size 1024K, 2 young (2048K), 2 survivors (2048K)
 Metaspace       used 86171K, committed 86784K, reserved 1179648K
  class space    used 12038K, committed 12352K, reserved 1048576K
}
Event: 9.779 GC heap before
{Heap before GC invocations=35 (full 0):
 garbage-first heap   total 73728K, used 58219K [0x00000000e0000000, 0x0000000100000000)
  region size 1024K, 18 young (18432K), 2 survivors (2048K)
 Metaspace       used 88917K, committed 89536K, reserved 1179648K
  class space    used 12563K, committed 12864K, reserved 1048576K
}
Event: 9.781 GC heap after
{Heap after GC invocations=36 (full 0):
 garbage-first heap   total 73728K, used 45033K [0x00000000e0000000, 0x0000000100000000)
  region size 1024K, 3 young (3072K), 3 survivors (3072K)
 Metaspace       used 88917K, committed 89536K, reserved 1179648K
  class space    used 12563K, committed 12864K, reserved 1048576K
}
Event: 9.786 GC heap before
{Heap before GC invocations=36 (full 0):
 garbage-first heap   total 73728K, used 46057K [0x00000000e0000000, 0x0000000100000000)
  region size 1024K, 4 young (4096K), 3 survivors (3072K)
 Metaspace       used 88925K, committed 89536K, reserved 1179648K
  class space    used 12563K, committed 12864K, reserved 1048576K
}
Event: 9.788 GC heap after
{Heap after GC invocations=37 (full 0):
 garbage-first heap   total 73728K, used 44736K [0x00000000e0000000, 0x0000000100000000)
  region size 1024K, 1 young (1024K), 1 survivors (1024K)
 Metaspace       used 88925K, committed 89536K, reserved 1179648K
  class space    used 12563K, committed 12864K, reserved 1048576K
}
Event: 9.991 GC heap before
{Heap before GC invocations=37 (full 0):
 garbage-first heap   total 73728K, used 58048K [0x00000000e0000000, 0x0000000100000000)
  region size 1024K, 15 young (15360K), 1 survivors (1024K)
 Metaspace       used 91054K, committed 91648K, reserved 1179648K
  class space    used 12870K, committed 13184K, reserved 1048576K
}
Event: 9.991 GC heap after
{Heap after GC invocations=38 (full 0):
 garbage-first heap   total 73728K, used 44880K [0x00000000e0000000, 0x0000000100000000)
  region size 1024K, 1 young (1024K), 1 survivors (1024K)
 Metaspace       used 91054K, committed 91648K, reserved 1179648K
  class space    used 12870K, committed 13184K, reserved 1048576K
}
Event: 10.932 GC heap before
{Heap before GC invocations=39 (full 0):
 garbage-first heap   total 78848K, used 60240K [0x00000000e0000000, 0x0000000100000000)
  region size 1024K, 16 young (16384K), 1 survivors (1024K)
 Metaspace       used 92440K, committed 92992K, reserved 1179648K
  class space    used 13074K, committed 13376K, reserved 1048576K
}
Event: 10.933 GC heap after
{Heap after GC invocations=40 (full 0):
 garbage-first heap   total 78848K, used 45366K [0x00000000e0000000, 0x0000000100000000)
  region size 1024K, 1 young (1024K), 1 survivors (1024K)
 Metaspace       used 92440K, committed 92992K, reserved 1179648K
  class space    used 13074K, committed 13376K, reserved 1048576K
}
Event: 10.986 GC heap before
{Heap before GC invocations=40 (full 0):
 garbage-first heap   total 78848K, used 47414K [0x00000000e0000000, 0x0000000100000000)
  region size 1024K, 3 young (3072K), 1 survivors (1024K)
 Metaspace       used 92573K, committed 93120K, reserved 1179648K
  class space    used 13095K, committed 13376K, reserved 1048576K
}
Event: 10.987 GC heap after
{Heap after GC invocations=41 (full 0):
 garbage-first heap   total 78848K, used 45140K [0x00000000e0000000, 0x0000000100000000)
  region size 1024K, 1 young (1024K), 1 survivors (1024K)
 Metaspace       used 92573K, committed 93120K, reserved 1179648K
  class space    used 13095K, committed 13376K, reserved 1048576K
}
Event: 11.747 GC heap before
{Heap before GC invocations=41 (full 0):
 garbage-first heap   total 78848K, used 64596K [0x00000000e0000000, 0x0000000100000000)
  region size 1024K, 20 young (20480K), 1 survivors (1024K)
 Metaspace       used 93487K, committed 94080K, reserved 1179648K
  class space    used 13194K, committed 13504K, reserved 1048576K
}
Event: 11.748 GC heap after
{Heap after GC invocations=42 (full 0):
 garbage-first heap   total 78848K, used 45476K [0x00000000e0000000, 0x0000000100000000)
  region size 1024K, 1 young (1024K), 1 survivors (1024K)
 Metaspace       used 93487K, committed 94080K, reserved 1179648K
  class space    used 13194K, committed 13504K, reserved 1048576K
}
Event: 11.906 GC heap before
{Heap before GC invocations=43 (full 0):
 garbage-first heap   total 80896K, used 65956K [0x00000000e0000000, 0x0000000100000000)
  region size 1024K, 21 young (21504K), 1 survivors (1024K)
 Metaspace       used 93678K, committed 94272K, reserved 1179648K
  class space    used 13208K, committed 13504K, reserved 1048576K
}
Event: 11.908 GC heap after
{Heap after GC invocations=44 (full 0):
 garbage-first heap   total 80896K, used 47301K [0x00000000e0000000, 0x0000000100000000)
  region size 1024K, 3 young (3072K), 3 survivors (3072K)
 Metaspace       used 93678K, committed 94272K, reserved 1179648K
  class space    used 13208K, committed 13504K, reserved 1048576K
}

